<?xml version="1.0" encoding="UTF-8"?>
<!-- Generated by org.testng.reporters.JUnitReportReporter -->
<testsuite skipped="1" hostname="DESKTOP-FG1L4L8" name="Basic.Enabaled" tests="4" failures="0" timestamp="2022-12-04T01:04:48 IST" time="0.003" errors="0">
  <testcase name="test3" time="0.001" classname="Basic.Enabaled"/>
  <system-out>
    <![CDATA[TC IS FAIL__3]]>
  </system-out>
  <testcase name="test1" time="0.001" classname="Basic.Enabaled"/>
  <system-out>
    <![CDATA[TC IS PASS__1]]>
  </system-out>
  <testcase name="test1" time="0.001" classname="Basic.Enabaled"/>
  <system-out>
    <![CDATA[TC IS PASS__1]]>
  </system-out>
  <testcase name="test2" classname="Basic.Enabaled">
    <skipped/>
  </testcase> <!-- test2 -->
  <system-out/>
</testsuite> <!-- Basic.Enabaled -->
