<?xml version="1.0" encoding="UTF-8"?>
<!-- Generated by org.testng.reporters.JUnitReportReporter -->
<testsuite skipped="0" hostname="DESKTOP-FG1L4L8" name="Basic.Basic1" tests="2" failures="0" timestamp="2022-12-04T00:42:30 IST" time="0.007" errors="0">
  <testcase name="test1" time="0.006" classname="Basic.Basic1"/>
  <system-out>
    <![CDATA[TC IS PASS]]>
  </system-out>
  <testcase name="test2" time="0.001" classname="Basic.Basic1"/>
  <system-out>
    <![CDATA[TC IS FAIL]]>
  </system-out>
</testsuite> <!-- Basic.Basic1 -->
