<?xml version="1.0" encoding="UTF-8"?>
<!-- Generated by org.testng.reporters.JUnitReportReporter -->
<testsuite skipped="0" hostname="DESKTOP-FG1L4L8" name="Basic.Invocation_count" tests="4" failures="0" timestamp="2022-12-04T01:38:37 IST" time="0.010" errors="0">
  <testcase name="test3" time="0.007" classname="Basic.Invocation_count"/>
  <system-out>
    <![CDATA[TC IS FAIL__3]]>
  </system-out>
  <testcase name="test1" time="0.001" classname="Basic.Invocation_count"/>
  <system-out>
    <![CDATA[TC IS PASS__1]]>
  </system-out>
  <testcase name="test1" time="0.001" classname="Basic.Invocation_count"/>
  <system-out>
    <![CDATA[TC IS PASS__1]]>
  </system-out>
  <testcase name="test2" time="0.001" classname="Basic.Invocation_count"/>
  <system-out>
    <![CDATA[TC IS FAIL__2]]>
  </system-out>
</testsuite> <!-- Basic.Invocation_count -->
